"../../../Engine/Content/Animation/DefaultAnimBoneCompressionSettings.uasset" 0
"../../../Engine/Content/Animation/DefaultAnimCurveCompressionSettings.uasset" 1
"../../../Engine/Content/EngineMeshes/Humanoid.uasset" 2
"../../../../../Documents/Unreal Projects/TPS/Content/AnimStarterPack/UE4_Mannequin/Mesh/UE4_Mannequin_Skeleton.uasset" 3
"../../../../../Documents/Unreal Projects/TPS/Content/ThirdPerson_Jump.uasset" 4
"../../../../../Documents/Unreal Projects/TPS/Content/AnimStarterPack/Aim_Space_Hip.uasset" 5
"../../../../../Documents/Unreal Projects/TPS/Content/AnimStarterPack/Aim_Space_Ironsights.uasset" 6
"../../../../../Documents/Unreal Projects/TPS/Content/AnimStarterPack/Crouch_Walk_Bwd_Rifle_Hip.uasset" 7
"../../../../../Documents/Unreal Projects/TPS/Content/AnimStarterPack/Crouch_Walk_Fwd_Rifle_Hip.uasset" 8
"../../../../../Documents/Unreal Projects/TPS/Content/AnimStarterPack/Crouch_Walk_Lt_Rifle_Hip.uasset" 9
"../../../../../Documents/Unreal Projects/TPS/Content/AnimStarterPack/Crouch_Walk_Rt_Rifle_Hip.uasset" 10
"../../../../../Documents/Unreal Projects/TPS/Content/AnimStarterPack/BS_CrouchWalk.uasset" 11
"../../../../../Documents/Unreal Projects/TPS/Content/AnimStarterPack/Crouch_Idle_Rifle_Hip.uasset" 12
"../../../../../Documents/Unreal Projects/TPS/Content/AnimStarterPack/Crouch_Idle_Rifle_Ironsights.uasset" 13
"../../../../../Documents/Unreal Projects/TPS/Content/AnimStarterPack/Crouch_to_Stand_Rifle_Hip.uasset" 14
"../../../../../Documents/Unreal Projects/TPS/Content/AnimStarterPack/Crouch_to_Stand_Rifle_Ironsights.uasset" 15
"../../../../../Documents/Unreal Projects/TPS/Content/AnimStarterPack/Crouch_Walk_Bwd_Rifle_Ironsights.uasset" 16
"../../../../../Documents/Unreal Projects/TPS/Content/AnimStarterPack/Crouch_Walk_Fwd_Rifle_Ironsights.uasset" 17
"../../../../../Documents/Unreal Projects/TPS/Content/AnimStarterPack/Crouch_Walk_Lt_Rifle_Ironsights.uasset" 18
"../../../../../Documents/Unreal Projects/TPS/Content/AnimStarterPack/Crouch_Walk_Rt_Rifle_Ironsights.uasset" 19
"../../../../../Documents/Unreal Projects/TPS/Content/AnimStarterPack/Death_1.uasset" 20
"../../../../../Documents/Unreal Projects/TPS/Content/AnimStarterPack/Death_2.uasset" 21
"../../../../../Documents/Unreal Projects/TPS/Content/AnimStarterPack/Death_3.uasset" 22
"../../../../../Documents/Unreal Projects/TPS/Content/AnimStarterPack/Death_Ironsights_1.uasset" 23
"../../../../../Documents/Unreal Projects/TPS/Content/AnimStarterPack/Death_Ironsights_2.uasset" 24
"../../../../../Documents/Unreal Projects/TPS/Content/AnimStarterPack/Equip_Pistol_Standing.uasset" 25
"../../../../../Documents/Unreal Projects/TPS/Content/AnimStarterPack/Equip_Rifle_Standing.uasset" 26
"../../../../../Documents/Unreal Projects/TPS/Content/AnimStarterPack/Fire_Rifle_Hip.uasset" 27
"../../../../../Documents/Unreal Projects/TPS/Content/AnimStarterPack/Fire_Rifle_Hip_Montage.uasset" 28
"../../../../../Documents/Unreal Projects/TPS/Content/AnimStarterPack/Fire_Rifle_Ironsights.uasset" 29
"../../../../../Documents/Unreal Projects/TPS/Content/AnimStarterPack/Fire_Shotgun_Hip.uasset" 30
"../../../../../Documents/Unreal Projects/TPS/Content/AnimStarterPack/Fire_Shotgun_Ironsights.uasset" 31
"../../../../../Documents/Unreal Projects/TPS/Content/AnimStarterPack/Hit_React_1.uasset" 32
"../../../../../Documents/Unreal Projects/TPS/Content/AnimStarterPack/Hit_React_2.uasset" 33
"../../../../../Documents/Unreal Projects/TPS/Content/AnimStarterPack/Hit_React_3.uasset" 34
"../../../../../Documents/Unreal Projects/TPS/Content/AnimStarterPack/Hit_React_4.uasset" 35
"../../../../../Documents/Unreal Projects/TPS/Content/AnimStarterPack/Idle_Pistol.uasset" 36
"../../../../../Documents/Unreal Projects/TPS/Content/AnimStarterPack/Idle_Rifle_Hip_Break1.uasset" 37
"../../../../../Documents/Unreal Projects/TPS/Content/AnimStarterPack/Idle_Rifle_Hip_Break2.uasset" 38
"../../../../../Documents/Unreal Projects/TPS/Content/AnimStarterPack/Idle_Rifle_Hip.uasset" 39
"../../../../../Documents/Unreal Projects/TPS/Content/AnimStarterPack/Idle_Rifle_Hip_Montage.uasset" 40
"../../../../../Documents/Unreal Projects/TPS/Content/AnimStarterPack/Idle_Rifle_Ironsights.uasset" 41
"../../../../../Documents/Unreal Projects/TPS/Content/AnimStarterPack/Jump_From_Jog.uasset" 42
"../../../../../Documents/Unreal Projects/TPS/Content/AnimStarterPack/Jump_From_Stand.uasset" 43
"../../../../../Documents/Unreal Projects/TPS/Content/AnimStarterPack/Jump_From_Stand_Ironsights.uasset" 44
"../../../../../Documents/Unreal Projects/TPS/Content/AnimStarterPack/Prone_Death_1.uasset" 45
"../../../../../Documents/Unreal Projects/TPS/Content/AnimStarterPack/Prone_Death_2.uasset" 46
"../../../../../Documents/Unreal Projects/TPS/Content/AnimStarterPack/Prone_Fire_1.uasset" 47
"../../../../../Documents/Unreal Projects/TPS/Content/AnimStarterPack/Prone_Fire_2.uasset" 48
"../../../../../Documents/Unreal Projects/TPS/Content/AnimStarterPack/Prone_Idle.uasset" 49
"../../../../../Documents/Unreal Projects/TPS/Content/AnimStarterPack/Prone_Reload_Rifle.uasset" 50
"../../../../../Documents/Unreal Projects/TPS/Content/AnimStarterPack/Prone_Reload_Shotgun.uasset" 51
"../../../../../Documents/Unreal Projects/TPS/Content/AnimStarterPack/Prone_To_Stand.uasset" 52
"../../../../../Documents/Unreal Projects/TPS/Content/AnimStarterPack/Reload_Pistol.uasset" 53
"../../../../../Documents/Unreal Projects/TPS/Content/AnimStarterPack/Reload_Rifle_Ironsights.uasset" 54
"../../../../../Documents/Unreal Projects/TPS/Content/AnimStarterPack/Reload_Shotgun_Hip.uasset" 55
"../../../../../Documents/Unreal Projects/TPS/Content/AnimStarterPack/Reload_Shotgun_Hip_Montage.uasset" 56
"../../../../../Documents/Unreal Projects/TPS/Content/AnimStarterPack/Reload_Shotgun_Ironsights.uasset" 57
"../../../../../Documents/Unreal Projects/TPS/Content/FirstPerson/FPWeapon/Mesh/SK_FPGun_Skeleton.uasset" 58
"../../../../../Documents/Unreal Projects/TPS/Content/AnimStarterPack/SK_FPGun_Skeleton_Sequence.uasset" 59
"../../../../../Documents/Unreal Projects/TPS/Content/AnimStarterPack/Sprint_Fwd_Rifle.uasset" 60
"../../../../../Documents/Unreal Projects/TPS/Content/AnimStarterPack/Stand_to_Crouch_Rifle_Hip.uasset" 61
"../../../../../Documents/Unreal Projects/TPS/Content/AnimStarterPack/Stand_to_Crouch_Rifle_Ironsights.uasset" 62
"../../../../../Documents/Unreal Projects/TPS/Content/AnimStarterPack/Stand_To_Prone.uasset" 63
"../../../../../Documents/Unreal Projects/TPS/Content/Mannequin/Character/Mesh/UE4_Mannequin_Skeleton.uasset" 64
"../../../../../Documents/Unreal Projects/TPS/Content/AnimStarterPack/ThirdPersonIdle.uasset" 65
"../../../../../Documents/Unreal Projects/TPS/Content/AnimStarterPack/ThirdPersonJump_End.uasset" 66
"../../../../../Documents/Unreal Projects/TPS/Content/AnimStarterPack/ThirdPersonJump_Loop.uasset" 67
"../../../../../Documents/Unreal Projects/TPS/Content/AnimStarterPack/ThirdPersonJump_Start.uasset" 68
"../../../../../Documents/Unreal Projects/TPS/Content/AnimStarterPack/ThirdPersonRun.uasset" 69
"../../../../../Documents/Unreal Projects/TPS/Content/AnimStarterPack/ThirdPersonWalk.uasset" 70
"../../../../../Documents/Unreal Projects/TPS/Content/AnimStarterPack/ThirdPerson_Jump.uasset" 71
"../../../../../Documents/Unreal Projects/TPS/Content/AnimStarterPack/Walk_Bwd_Rifle_Ironsights.uasset" 72
"../../../../../Documents/Unreal Projects/TPS/Content/AnimStarterPack/Walk_Fwd_Rifle_Ironsights.uasset" 73
"../../../../../Documents/Unreal Projects/TPS/Content/AnimStarterPack/Walk_Lt_Rifle_Ironsights.uasset" 74
"../../../../../Documents/Unreal Projects/TPS/Content/AnimStarterPack/Walk_Rt_Rifle_Ironsights.uasset" 75
"../../../../../Documents/Unreal Projects/TPS/Content/AnimStarterPack/UE4_Mannequin/Mesh/BoneMapping.uasset" 76
"../../../../../Documents/Unreal Projects/TPS/Content/FirstPerson/Character/Mesh/SK_Mannequin_Arms_Skeleton.uasset" 77
"../../../../../Documents/Unreal Projects/TPS/Content/FirstPerson/Animations/FirstPerson_Run.uasset" 78
"../../../../../Documents/Unreal Projects/TPS/Content/FirstPerson/Animations/FirstPerson_JumpStart.uasset" 79
"../../../../../Documents/Unreal Projects/TPS/Content/FirstPerson/Animations/FirstPerson_JumpLoop.uasset" 80
"../../../../../Documents/Unreal Projects/TPS/Content/FirstPerson/Animations/FirstPerson_JumpEnd.uasset" 81
"../../../../../Documents/Unreal Projects/TPS/Content/FirstPerson/Animations/FirstPerson_Idle.uasset" 82
"../../../Engine/Content/EditorBlueprintResources/StandardMacros.uasset" 83
"../../../../../Documents/Unreal Projects/TPS/Content/FirstPerson/Animations/FirstPerson_AnimBP.uasset" 84
"../../../../../Documents/Unreal Projects/TPS/Content/FirstPerson/Character/Mesh/FirstPersonAnimBlueprint_Copy.uasset" 85
"../../../../../Documents/Unreal Projects/TPS/Content/FirstPerson/Character/Textures/UE4_LOGO_CARD.uasset" 86
"../../../../../Documents/Unreal Projects/TPS/Content/FirstPerson/FPWeapon/Materials/MaterialLayers/ML_Plastic_Shiny_Beige_LOGO.uasset" 87
"../../../../../Documents/Unreal Projects/TPS/Content/FirstPerson/FPWeapon/Materials/MaterialLayers/T_ML_FineRubber.uasset" 88
"../../../../../Documents/Unreal Projects/TPS/Content/FirstPerson/FPWeapon/Mesh/SK_FPGun_PhysicsAsset.uasset" 89
"../../../../../Documents/Unreal Projects/TPS/Content/FirstPerson/Meshes/BaseMaterial.uasset" 90
"../../../../../Documents/Unreal Projects/TPS/Content/FirstPerson/Meshes/CubeMaterialOverride.uasset" 91
"../../../../../Documents/Unreal Projects/TPS/Content/FirstPerson/Meshes/FirstPersonProjectileMaterial.uasset" 92
"../../../../../Documents/Unreal Projects/TPS/Content/FirstPerson/Textures/FirstPersonCrosshair.uasset" 93
"../../../Engine/Content/EngineMaterials/T_Default_Material_Grid_N.uasset" 94
"../../../Engine/Content/EngineMaterials/T_Default_Material_Grid_M.uasset" 95
"../../../Engine/Content/Functions/Engine_MaterialFunctions01/Opacity/CameraDepthFade.uasset" 96
"../../../Engine/Content/EngineMaterials/DefaultMaterial.uasset" 97
"../../../Engine/Content/BasicShapes/Sphere.uasset" 98
"../../../../../Documents/Unreal Projects/TPS/Content/ThirdPersonBP/Blueprints/Ammo_tex.uasset" 99
"../../../../../Documents/Unreal Projects/TPS/Content/FirstPersonBP/Blueprints/AmmoProjectile.uasset" 100
"../../../../../Documents/Unreal Projects/TPS/Content/FirstPerson/Character/Mesh/SK_Mannequin_Arms_PhysicsAsset.uasset" 101
"../../../../../Documents/Unreal Projects/TPS/Content/FirstPerson/Character/Textures/UE4_Mannequin_MAT_MASKA.uasset" 102
"../../../../../Documents/Unreal Projects/TPS/Content/FirstPerson/Character/Textures/UE4_Mannequin__normals.uasset" 103
"../../../../../Documents/Unreal Projects/TPS/Content/FirstPerson/Character/Materials/MaterialLayers/T_ML_Aluminum01_N.uasset" 104
"../../../../../Documents/Unreal Projects/TPS/Content/FirstPerson/Character/Materials/MaterialLayers/T_ML_Aluminum01.uasset" 105
"../../../../../Documents/Unreal Projects/TPS/Content/FirstPerson/Character/Materials/MaterialLayers/ML_SoftMetal_UE4.uasset" 106
"../../../../../Documents/Unreal Projects/TPS/Content/FirstPerson/Character/Materials/MaterialLayers/ML_Plastic_Shiny_Beige_LOGO.uasset" 107
"../../../../../Documents/Unreal Projects/TPS/Content/FirstPerson/Character/Materials/MaterialLayers/ML_Plastic_Shiny_Beige.uasset" 108
"../../../../../Documents/Unreal Projects/TPS/Content/FirstPerson/Character/Materials/MaterialLayers/T_ML_Rubber_Blue_01_N.uasset" 109
"../../../../../Documents/Unreal Projects/TPS/Content/FirstPerson/Character/Materials/MaterialLayers/T_ML_Rubber_Blue_01_D.uasset" 110
"../../../../../Documents/Unreal Projects/TPS/Content/FirstPerson/Character/Materials/MaterialLayers/ML_GlossyBlack_Latex_UE4.uasset" 111
"../../../Engine/Content/Functions/MaterialLayerFunctions/MatLayerBlend_Simple.uasset" 112
"../../../Engine/Content/Functions/Engine_MaterialFunctions02/Utility/BlendAngleCorrectedNormals.uasset" 113
"../../../Engine/Content/Functions/MaterialLayerFunctions/MatLayerBlend_NormalBlend.uasset" 114
"../../../../../Documents/Unreal Projects/TPS/Content/FirstPerson/Character/Materials/M_UE4Man_Body.uasset" 115
"../../../../../Documents/Unreal Projects/TPS/Content/FirstPerson/Character/Mesh/SK_Mannequin_Arms.uasset" 116
"../../../../../Documents/Unreal Projects/TPS/Content/FirstPerson/Audio/FirstPersonTemplateWeaponFire02.uasset" 117
"../../../../../Documents/Unreal Projects/TPS/Content/FirstPerson/Animations/FirstPerson_Fire.uasset" 118
"../../../../../Documents/Unreal Projects/TPS/Content/FirstPerson/Animations/FirstPersonFire_Montage.uasset" 119
"../../../../../Documents/Unreal Projects/TPS/Content/FirstPerson/FPWeapon/Textures/T_FPGun_N.uasset" 120
"../../../../../Documents/Unreal Projects/TPS/Content/FirstPerson/FPWeapon/Textures/T_FPGun_M.uasset" 121
"../../../../../Documents/Unreal Projects/TPS/Content/FirstPerson/FPWeapon/Materials/MaterialLayers/T_ML_Aluminum01_N.uasset" 122
"../../../../../Documents/Unreal Projects/TPS/Content/FirstPerson/FPWeapon/Materials/MaterialLayers/T_ML_Aluminum01.uasset" 123
"../../../../../Documents/Unreal Projects/TPS/Content/FirstPerson/FPWeapon/Materials/MaterialLayers/ML_SoftMetal_UE4.uasset" 124
"../../../../../Documents/Unreal Projects/TPS/Content/FirstPerson/FPWeapon/Materials/MaterialLayers/ML_Screen.uasset" 125
"../../../../../Documents/Unreal Projects/TPS/Content/FirstPerson/FPWeapon/Materials/MaterialLayers/ML_Plastic_Shiny_Beige.uasset" 126
"../../../../../Documents/Unreal Projects/TPS/Content/FirstPerson/FPWeapon/Materials/MaterialLayers/T_ML_Rubber_Blue_01_N.uasset" 127
"../../../../../Documents/Unreal Projects/TPS/Content/FirstPerson/FPWeapon/Materials/MaterialLayers/T_ML_Rubber_Blue_01_D.uasset" 128
"../../../../../Documents/Unreal Projects/TPS/Content/FirstPerson/FPWeapon/Materials/MaterialLayers/ML_GlossyBlack_Latex_UE4.uasset" 129
"../../../../../Documents/Unreal Projects/TPS/Content/FirstPerson/FPWeapon/Materials/M_FPGun.uasset" 130
"../../../../../Documents/Unreal Projects/TPS/Content/FirstPerson/FPWeapon/Mesh/SK_FPGun.uasset" 131
"../../../../../Documents/Unreal Projects/TPS/Content/FirstPersonBP/Blueprints/FirstPersonCharacter.uasset" 132
"../../../../../Documents/Unreal Projects/TPS/Content/Mannequin/Animations/ThirdPersonJump_End.uasset" 133
"../../../../../Documents/Unreal Projects/TPS/Content/Mannequin/Animations/ThirdPersonWalk.uasset" 134
"../../../../../Documents/Unreal Projects/TPS/Content/Mannequin/Animations/ThirdPersonRun.uasset" 135
"../../../../../Documents/Unreal Projects/TPS/Content/Mannequin/Animations/ThirdPersonIdle.uasset" 136
"../../../../../Documents/Unreal Projects/TPS/Content/Mannequin/Animations/ThirdPerson_IdleRun_2D.uasset" 137
"../../../../../Documents/Unreal Projects/TPS/Content/Mannequin/Animations/ThirdPerson_Jump.uasset" 138
"../../../../../Documents/Unreal Projects/TPS/Content/Mannequin/Animations/ThirdPersonJump_Start.uasset" 139
"../../../../../Documents/Unreal Projects/TPS/Content/Mannequin/Animations/ThirdPersonJump_Loop.uasset" 140
"../../../../../Documents/Unreal Projects/TPS/Content/Mannequin/Animations/ThirdPerson_AnimBP.uasset" 141
"../../../../../Documents/Unreal Projects/TPS/Content/Mannequin/Character/Mesh/SK_Mannequin_PhysicsAsset.uasset" 142
"../../../../../Documents/Unreal Projects/TPS/Content/Mannequin/Character/Textures/T_UE4Logo_N.uasset" 143
"../../../../../Documents/Unreal Projects/TPS/Content/Mannequin/Character/Textures/T_UE4Logo_Mask.uasset" 144
"../../../../../Documents/Unreal Projects/TPS/Content/Mannequin/Character/Textures/T_Male_N.uasset" 145
"../../../../../Documents/Unreal Projects/TPS/Content/Mannequin/Character/Textures/T_Male_Mask.uasset" 146
"../../../../../Documents/Unreal Projects/TPS/Content/Mannequin/Character/Materials/MaterialLayers/T_ML_Rubber_Blue_01_N.uasset" 147
"../../../../../Documents/Unreal Projects/TPS/Content/Mannequin/Character/Materials/MaterialLayers/T_ML_Rubber_Blue_01_D.uasset" 148
"../../../../../Documents/Unreal Projects/TPS/Content/Mannequin/Character/Materials/MaterialLayers/T_ML_Aluminum01_N.uasset" 149
"../../../../../Documents/Unreal Projects/TPS/Content/Mannequin/Character/Materials/MaterialLayers/T_ML_Aluminum01.uasset" 150
"../../../../../Documents/Unreal Projects/TPS/Content/Mannequin/Character/Materials/MaterialLayers/ML_SoftMetal_UE4.uasset" 151
"../../../../../Documents/Unreal Projects/TPS/Content/Mannequin/Character/Materials/MaterialLayers/ML_Plastic_Shiny_Beige_LOGO.uasset" 152
"../../../../../Documents/Unreal Projects/TPS/Content/Mannequin/Character/Materials/MaterialLayers/ML_Plastic_Shiny_Beige.uasset" 153
"../../../../../Documents/Unreal Projects/TPS/Content/Mannequin/Character/Materials/MaterialLayers/ML_GlossyBlack_Latex_UE4.uasset" 154
"../../../../../Documents/Unreal Projects/TPS/Content/Mannequin/Character/Materials/M_Male_Body.uasset" 155
"../../../../../Documents/Unreal Projects/TPS/Content/Mannequin/Character/Materials/M_UE4Man_ChestLogo.uasset" 156
"../../../../../Documents/Unreal Projects/TPS/Content/Mannequin/Character/Mesh/SK_Mannequin.uasset" 157
"../../../../../Documents/Unreal Projects/TPS/Content/Mannequin/Character/Mesh/SK_Mannequin_Female_PhysicsAsset.uasset" 158
"../../../../../Documents/Unreal Projects/TPS/Content/Mannequin/Character/Textures/T_Female_N.uasset" 159
"../../../../../Documents/Unreal Projects/TPS/Content/Mannequin/Character/Textures/T_Female_Mask.uasset" 160
"../../../../../Documents/Unreal Projects/TPS/Content/Mannequin/Character/Materials/MI_Female_Body.uasset" 161
"../../../../../Documents/Unreal Projects/TPS/Content/Mannequin/Character/Mesh/SK_Mannequin_Female.uasset" 162
"../../../../../Documents/Unreal Projects/TPS/Content/StarterContent/Materials/M_Basic_Wall.uasset" 163
"../../../../../Documents/Unreal Projects/TPS/Content/StarterContent/Architecture/Pillar_50x500.uasset" 164
"../../../../../Documents/Unreal Projects/TPS/Content/StarterContent/Architecture/Wall_400x300.uasset" 165
"../../../../../Documents/Unreal Projects/TPS/Content/StarterContent/Architecture/Wall_400x400.uasset" 166
"../../../../../Documents/Unreal Projects/TPS/Content/StarterContent/Architecture/Wall_500x500.uasset" 167
"../../../../../Documents/Unreal Projects/TPS/Content/StarterContent/Architecture/Wall_Door_400x400.uasset" 168
"../../../../../Documents/Unreal Projects/TPS/Content/StarterContent/Architecture/Wall_Window_400x400.uasset" 169
"../../../../../Documents/Unreal Projects/TPS/Content/StarterContent/Audio/Collapse01.uasset" 170
"../../../../../Documents/Unreal Projects/TPS/Content/StarterContent/Audio/Collapse02.uasset" 171
"../../../../../Documents/Unreal Projects/TPS/Content/StarterContent/Audio/Explosion02.uasset" 172
"../../../../../Documents/Unreal Projects/TPS/Content/StarterContent/Audio/Fire01.uasset" 173
"../../../../../Documents/Unreal Projects/TPS/Content/StarterContent/Audio/Fire_Sparks01.uasset" 174
"../../../../../Documents/Unreal Projects/TPS/Content/StarterContent/Audio/Light01.uasset" 175
"../../../../../Documents/Unreal Projects/TPS/Content/StarterContent/Audio/Light01_Cue.uasset" 176
"../../../../../Documents/Unreal Projects/TPS/Content/StarterContent/Audio/Light02.uasset" 177
"../../../../../Documents/Unreal Projects/TPS/Content/StarterContent/Audio/Light02_Cue.uasset" 178
"../../../../../Documents/Unreal Projects/TPS/Content/StarterContent/Audio/Smoke01.uasset" 179
"../../../../../Documents/Unreal Projects/TPS/Content/StarterContent/Audio/Starter_Birds01.uasset" 180
"../../../../../Documents/Unreal Projects/TPS/Content/StarterContent/Audio/Starter_Music01.uasset" 181
"../../../../../Documents/Unreal Projects/TPS/Content/StarterContent/Audio/Starter_Wind05.uasset" 182
"../../../../../Documents/Unreal Projects/TPS/Content/StarterContent/Audio/Starter_Wind06.uasset" 183
"../../../../../Documents/Unreal Projects/TPS/Content/StarterContent/Audio/Steam01.uasset" 184
"../../../../../Documents/Unreal Projects/TPS/Content/StarterContent/Textures/T_Smoke_Tiled_D.uasset" 185
"../../../../../Documents/Unreal Projects/TPS/Content/StarterContent/Textures/T_Smoke_SubUV.uasset" 186
"../../../../../Documents/Unreal Projects/TPS/Content/StarterContent/Particles/Materials/M_smoke_subUV.uasset" 187
"../../../Engine/Content/Functions/Engine_MaterialFunctions01/Gradient/RadialGradient.uasset" 188
"../../../../../Documents/Unreal Projects/TPS/Content/StarterContent/Particles/Materials/M_radial_ramp.uasset" 189
"../../../../../Documents/Unreal Projects/TPS/Content/StarterContent/Particles/Materials/m_flare_01.uasset" 190
"../../../../../Documents/Unreal Projects/TPS/Content/StarterContent/Textures/T_Explosion_SubUV.uasset" 191
"../../../../../Documents/Unreal Projects/TPS/Content/StarterContent/Particles/Materials/M_explosion_subUV.uasset" 192
"../../../../../Documents/Unreal Projects/TPS/Content/StarterContent/Textures/T_Burst_M.uasset" 193
"../../../../../Documents/Unreal Projects/TPS/Content/StarterContent/Particles/Materials/M_Burst.uasset" 194
"../../../../../Documents/Unreal Projects/TPS/Content/StarterContent/Particles/P_Explosion.uasset" 195
"../../../../../Documents/Unreal Projects/TPS/Content/StarterContent/Audio/Explosion_Cue.uasset" 196
"../../../../../Documents/Unreal Projects/TPS/Content/StarterContent/Blueprints/Blueprint_Effect_Explosion.uasset" 197
"../../../Engine/Content/EditorMeshes/ColorCalibrator/T_ColorGrid.uasset" 198
"../../../../../Documents/Unreal Projects/TPS/Content/StarterContent/Materials/M_ColorGrid_LowSpec.uasset" 199
"../../../../../Documents/Unreal Projects/TPS/Content/StarterContent/Textures/T_Bush_N.uasset" 200
"../../../../../Documents/Unreal Projects/TPS/Content/StarterContent/Textures/T_Bush_D.uasset" 201
"../../../../../Documents/Unreal Projects/TPS/Content/StarterContent/Props/Materials/M_Bush.uasset" 202
"../../../../../Documents/Unreal Projects/TPS/Content/StarterContent/Props/SM_Bush.uasset" 203
"../../../../../Documents/Unreal Projects/TPS/Content/StarterContent/Textures/T_Chair_N.uasset" 204
"../../../../../Documents/Unreal Projects/TPS/Content/StarterContent/Textures/T_Chair_M.uasset" 205
"../../../../../Documents/Unreal Projects/TPS/Content/StarterContent/Props/Materials/M_Chair.uasset" 206
"../../../../../Documents/Unreal Projects/TPS/Content/StarterContent/Props/SM_Couch.uasset" 207
"../../../../../Documents/Unreal Projects/TPS/Content/StarterContent/Textures/T_Door_N.uasset" 208
"../../../../../Documents/Unreal Projects/TPS/Content/StarterContent/Textures/T_Door_M.uasset" 209
"../../../../../Documents/Unreal Projects/TPS/Content/StarterContent/Props/Materials/M_Door.uasset" 210
"../../../../../Documents/Unreal Projects/TPS/Content/StarterContent/Materials/M_Glass.uasset" 211
"../../../../../Documents/Unreal Projects/TPS/Content/StarterContent/Props/SM_Door.uasset" 212
"../../../../../Documents/Unreal Projects/TPS/Content/StarterContent/Textures/T_RockMesh_N.uasset" 213
"../../../../../Documents/Unreal Projects/TPS/Content/StarterContent/Textures/T_RockMesh_M.uasset" 214
"../../../../../Documents/Unreal Projects/TPS/Content/StarterContent/Textures/T_Detail_Rocky_N.uasset" 215
"../../../../../Documents/Unreal Projects/TPS/Content/StarterContent/Textures/T_Rock_Basalt_D.uasset" 216
"../../../../../Documents/Unreal Projects/TPS/Content/StarterContent/Props/Materials/M_Rock.uasset" 217
"../../../../../Documents/Unreal Projects/TPS/Content/StarterContent/Props/SM_Rock.uasset" 218
"../../../../../Documents/Unreal Projects/TPS/Content/StarterContent/Textures/T_Shelf_N.uasset" 219
"../../../../../Documents/Unreal Projects/TPS/Content/StarterContent/Textures/T_Shelf_M.uasset" 220
"../../../../../Documents/Unreal Projects/TPS/Content/StarterContent/Props/Materials/M_Shelf.uasset" 221
"../../../../../Documents/Unreal Projects/TPS/Content/StarterContent/Props/SM_Shelf.uasset" 222
"../../../../../Documents/Unreal Projects/TPS/Content/StarterContent/Materials/M_Basic_Floor.uasset" 223
"../../../../../Documents/Unreal Projects/TPS/Content/StarterContent/Props/SM_Stairs.uasset" 224
"../../../../../Documents/Unreal Projects/TPS/Content/StarterContent/Shapes/Shape_Cone.uasset" 225
"../../../../../Documents/Unreal Projects/TPS/Content/StarterContent/Shapes/Shape_Cylinder.uasset" 226
"../../../../../Documents/Unreal Projects/TPS/Content/StarterContent/Shapes/Shape_NarrowCapsule.uasset" 227
"../../../../../Documents/Unreal Projects/TPS/Content/StarterContent/Shapes/Shape_Pipe_180.uasset" 228
"../../../../../Documents/Unreal Projects/TPS/Content/StarterContent/Shapes/Shape_Pipe_90.uasset" 229
"../../../../../Documents/Unreal Projects/TPS/Content/StarterContent/Shapes/Shape_Plane.uasset" 230
"../../../../../Documents/Unreal Projects/TPS/Content/StarterContent/Shapes/Shape_Torus.uasset" 231
"../../../../../Documents/Unreal Projects/TPS/Content/StarterContent/Shapes/Shape_Trim.uasset" 232
"../../../../../Documents/Unreal Projects/TPS/Content/StarterContent/Shapes/Shape_Trim_90_In.uasset" 233
"../../../../../Documents/Unreal Projects/TPS/Content/StarterContent/Shapes/Shape_Trim_90_Out.uasset" 234
"../../../../../Documents/Unreal Projects/TPS/Content/StarterContent/Shapes/Shape_TriPyramid.uasset" 235
"../../../../../Documents/Unreal Projects/TPS/Content/StarterContent/Shapes/Shape_Tube.uasset" 236
"../../../../../Documents/Unreal Projects/TPS/Content/StarterContent/Shapes/Shape_Wedge_A.uasset" 237
"../../../../../Documents/Unreal Projects/TPS/Content/StarterContent/Shapes/Shape_Wedge_B.uasset" 238
"../../../../../Documents/Unreal Projects/TPS/Content/StarterContent/Shapes/Shape_WideCapsule.uasset" 239
"../../../../../Documents/Unreal Projects/TPS/Content/ThirdPersonBP/ThirdPersonOverview.uasset" 240
"../../../../../Documents/Unreal Projects/TPS/Content/ThirdPersonBP/Blueprints/NewAnimMontage.uasset" 241
"../../../../../Documents/Unreal Projects/TPS/Content/ThirdPersonBP/Blueprints/NewWidgetBlueprint.uasset" 242
"../../../../../Documents/Unreal Projects/TPS/Content/StarterContent/Shapes/Shape_Pipe.uasset" 243
"../../../Engine/Content/EngineMaterials/WorldGridMaterial.uasset" 244
"../../../../../Documents/Unreal Projects/TPS/Content/StarterContent/Props/MaterialSphere.uasset" 245
"../../../../../Documents/Unreal Projects/TPS/Content/ThirdPersonBP/Blueprints/Spline.uasset" 246
"../../../../../Documents/Unreal Projects/TPS/Content/ThirdPersonBP/Blueprints/Projectile_Base.uasset" 247
"../../../../../Documents/Unreal Projects/TPS/Content/ThirdPersonBP/Blueprints/Boom.uasset" 248
"../../../../../Documents/Unreal Projects/TPS/Content/StarterContent/Textures/T_Lamp_N.uasset" 249
"../../../../../Documents/Unreal Projects/TPS/Content/StarterContent/Textures/T_Lamp_M.uasset" 250
"../../../../../Documents/Unreal Projects/TPS/Content/StarterContent/Props/Materials/M_Lamp.uasset" 251
"../../../../../Documents/Unreal Projects/TPS/Content/StarterContent/Props/SM_Lamp_Wall.uasset" 252
"../../../../../Documents/Unreal Projects/TPS/Content/StarterContent/Audio/Explosion01.uasset" 253
"../../../../../Documents/Unreal Projects/TPS/Content/ThirdPersonBP/Blueprints/Foreignaid.uasset" 254
"../../../../../Documents/Unreal Projects/TPS/Content/FirstPerson/FPWeapon/Mesh/Roughness.uasset" 255
"../../../../../Documents/Unreal Projects/TPS/Content/FirstPerson/FPWeapon/Mesh/Normal.uasset" 256
"../../../../../Documents/Unreal Projects/TPS/Content/FirstPerson/FPWeapon/Mesh/Metallic.uasset" 257
"../../../../../Documents/Unreal Projects/TPS/Content/FirstPerson/FPWeapon/Mesh/Mask.uasset" 258
"../../../Engine/Content/Functions/Engine_MaterialFunctions02/Lerp_3Color.uasset" 259
"../../../../../Documents/Unreal Projects/TPS/Content/FirstPerson/FPWeapon/Mesh/Colors.uasset" 260
"../../../../../Documents/Unreal Projects/TPS/Content/FirstPerson/FPWeapon/Mesh/BaseColor.uasset" 261
"../../../../../Documents/Unreal Projects/TPS/Content/FirstPerson/FPWeapon/Mesh/Gun.uasset" 262
"../../../../../Documents/Unreal Projects/TPS/Content/AnimStarterPack/UE4_Mannequin/Mesh/SK_Mannequin_PhysicsAsset.uasset" 263
"../../../../../Documents/Unreal Projects/TPS/Content/AnimStarterPack/UE4_Mannequin/Textures/UE4Man_Logo_N.uasset" 264
"../../../../../Documents/Unreal Projects/TPS/Content/AnimStarterPack/UE4_Mannequin/Textures/UE4_Mannequin_occlusion_Mobile.uasset" 265
"../../../../../Documents/Unreal Projects/TPS/Content/AnimStarterPack/UE4_Mannequin/Textures/UE4_Mannequin_MAT_MASKA.uasset" 266
"../../../../../Documents/Unreal Projects/TPS/Content/AnimStarterPack/UE4_Mannequin/Textures/UE4_Mannequin__normals.uasset" 267
"../../../../../Documents/Unreal Projects/TPS/Content/AnimStarterPack/UE4_Mannequin/Materials/MaterialLayers/T_ML_Aluminum01_N.uasset" 268
"../../../../../Documents/Unreal Projects/TPS/Content/AnimStarterPack/UE4_Mannequin/Materials/MaterialLayers/T_ML_Aluminum01.uasset" 269
"../../../../../Documents/Unreal Projects/TPS/Content/AnimStarterPack/UE4_Mannequin/Materials/MaterialLayers/ML_SoftMetal_UE4.uasset" 270
"../../../../../Documents/Unreal Projects/TPS/Content/AnimStarterPack/UE4_Mannequin/Textures/UE4_LOGO_CARD.uasset" 271
"../../../../../Documents/Unreal Projects/TPS/Content/AnimStarterPack/UE4_Mannequin/Materials/MaterialLayers/ML_Plastic_Shiny_Beige_LOGO.uasset" 272
"../../../../../Documents/Unreal Projects/TPS/Content/AnimStarterPack/UE4_Mannequin/Materials/MaterialLayers/ML_Plastic_Shiny_Beige.uasset" 273
"../../../../../Documents/Unreal Projects/TPS/Content/AnimStarterPack/UE4_Mannequin/Materials/MaterialLayers/T_ML_Rubber_Blue_01_N.uasset" 274
"../../../../../Documents/Unreal Projects/TPS/Content/AnimStarterPack/UE4_Mannequin/Materials/MaterialLayers/T_ML_Rubber_Blue_01_D.uasset" 275
"../../../../../Documents/Unreal Projects/TPS/Content/AnimStarterPack/UE4_Mannequin/Materials/MaterialLayers/ML_GlossyBlack_Latex_UE4.uasset" 276
"../../../Engine/Content/Functions/MaterialLayerFunctions/MatLayerBlend_AO.uasset" 277
"../../../../../Documents/Unreal Projects/TPS/Content/AnimStarterPack/UE4_Mannequin/Materials/M_UE4Man_Body.uasset" 278
"../../../../../Documents/Unreal Projects/TPS/Content/AnimStarterPack/UE4_Mannequin/Materials/M_UE4Man_ChestLogo.uasset" 279
"../../../../../Documents/Unreal Projects/TPS/Content/AnimStarterPack/UE4_Mannequin/Mesh/SK_Mannequin.uasset" 280
"../../../../../Documents/Unreal Projects/TPS/Content/ThirdPersonJump_Loop.uasset" 281
"../../../../../Documents/Unreal Projects/TPS/Content/ThirdPersonJump_Start.uasset" 282
"../../../../../Documents/Unreal Projects/TPS/Content/AnimStarterPack/Jog_Bwd_Rifle.uasset" 283
"../../../../../Documents/Unreal Projects/TPS/Content/AnimStarterPack/Jog_Fwd_Rifle.uasset" 284
"../../../../../Documents/Unreal Projects/TPS/Content/AnimStarterPack/Jog_Rt_Rifle.uasset" 285
"../../../../../Documents/Unreal Projects/TPS/Content/AnimStarterPack/Jog_Lt_Rifle.uasset" 286
"../../../../../Documents/Unreal Projects/TPS/Content/AnimStarterPack/BS_Jog.uasset" 287
"../../../../../Documents/Unreal Projects/TPS/Content/ThirdPersonJump_End.uasset" 288
"../../../../../Documents/Unreal Projects/TPS/Content/AnimStarterPack/UE4ASP_HeroTPP_AnimBlueprint.uasset" 289
"../../../../../Documents/Unreal Projects/TPS/Content/AnimStarterPack/Reload_Rifle_Hip.uasset" 290
"../../../../../Documents/Unreal Projects/TPS/Content/AnimStarterPack/Reload_Rifle_Hip_Montage.uasset" 291
"../../../../../Documents/Unreal Projects/TPS/Content/AnimStarterPack/Player.uasset" 292
"../../../../../Documents/Unreal Projects/TPS/Content/ThirdPersonBP/Blueprints/TPSGameMode.uasset" 293
"../../../../../Documents/Unreal Projects/TPS/Content/ThirdPersonBP/Blueprints/ThirdPersonCharacter.uasset" 294
"../../../Engine/Content/ArtTools/RenderToTexture/Meshes/S_1_Unit_Plane.uasset" 295
"../../../Engine/Content/BasicShapes/Cone.uasset" 296
"../../../Engine/Content/BasicShapes/Cube.uasset" 297
"../../../Engine/Content/BasicShapes/Plane.uasset" 298
"../../../Engine/Content/EditorLandscapeResources/DataLayer.uasset" 299
"../../../Engine/Content/EditorLandscapeResources/DefaultAlphaTexture.uasset" 300
"../../../Engine/Content/EditorMaterials/MAT_Groups_Toggle.uasset" 301
"../../../Engine/Content/EditorMaterials/MAT_Groups_Visibility.uasset" 302
"../../../Engine/Content/EditorMaterials/PreviewShadowIndicator.uasset" 303
"../../../Engine/Content/EditorMaterials/PreviewShadowIndicatorMaterial.uasset" 304
"../../../Engine/Content/EditorMaterials/MatineeGroups/MAT_ColorTrack.uasset" 305
"../../../Engine/Content/EditorMaterials/MatineeGroups/MAT_Groups_Anim.uasset" 306
"../../../Engine/Content/EditorMaterials/MatineeGroups/MAT_Groups_AudioMaster.uasset" 307
"../../../Engine/Content/EditorMaterials/MatineeGroups/MAT_Groups_Director.uasset" 308
"../../../Engine/Content/EditorMaterials/MatineeGroups/MAT_Groups_Event.uasset" 309
"../../../Engine/Content/EditorMaterials/MatineeGroups/MAT_Groups_Fade.uasset" 310
"../../../Engine/Content/EditorMaterials/MatineeGroups/MAT_Groups_Float.uasset" 311
"../../../Engine/Content/EditorMaterials/MatineeGroups/MAT_Groups_Move.uasset" 312
"../../../Engine/Content/EditorMaterials/MatineeGroups/MAT_Groups_Slomo.uasset" 313
"../../../Engine/Content/EditorMaterials/MatineeGroups/MAT_Groups_Sound.uasset" 314
"../../../Engine/Content/EditorMaterials/MatineeGroups/MAT_Groups_Vector.uasset" 315
"../../../Engine/Content/EditorMaterials/ParticleSystems/PSysThumbnail_NoImage.uasset" 316
"../../../Engine/Content/EditorMaterials/ParticleSystems/PSysThumbnail_OOD.uasset" 317
"../../../Engine/Content/EditorMaterials/Camera/CineMat.uasset" 318
"../../../Engine/Content/EditorMaterials/Camera/MI_CineMat_Rig.uasset" 319
"../../../Engine/Content/EditorMeshes/Camera/SM_CraneRig_Arm.uasset" 320
"../../../Engine/Content/EditorMeshes/Camera/SM_CraneRig_Base.uasset" 321
"../../../Engine/Content/EditorMeshes/Camera/SM_CraneRig_Body.uasset" 322
"../../../Engine/Content/EditorMeshes/Camera/SM_CraneRig_Mount.uasset" 323
"../../../Engine/Content/EditorMeshes/Camera/SM_RailRig_Mount.uasset" 324
"../../../Engine/Content/EditorMeshes/Camera/SM_RailRig_Track.uasset" 325
"../../../Engine/Content/EditorResources/BSPVertex.uasset" 326
"../../../Engine/Content/EditorResources/EmptyActor.uasset" 327
"../../../Engine/Content/EditorResources/S_Actor.uasset" 328
"../../../Engine/Content/EditorResources/S_Note.uasset" 329
"../../../Engine/Content/EditorResources/S_Solver.uasset" 330
"../../../Engine/Content/EditorResources/S_Terrain.uasset" 331
"../../../Engine/Content/EditorResources/S_Trigger.uasset" 332
"../../../Engine/Content/EditorResources/AudioIcons/S_AudioComponent.uasset" 333
"../../../Engine/Content/EditorResources/AudioIcons/S_AudioComponent_AutoActivate.uasset" 334
"../../../Engine/Content/EditorResources/LightIcons/S_LightError.uasset" 335
"../../../Engine/Content/EditorResources/SequenceRecorder/Countdown.uasset" 336
"../../../Engine/Content/EditorResources/SequenceRecorder/RecordingIndicator.uasset" 337
"../../../Engine/Content/EngineDamageTypes/DmgTypeBP_Environmental.uasset" 338
"../../../Engine/Content/EngineDebugMaterials/DebugEditorMaterial.uasset" 339
"../../../Engine/Content/EngineDebugMaterials/DebugMeshMaterial.uasset" 340
"../../../Engine/Content/EngineDebugMaterials/M_SimpleUnlitTranslucent.uasset" 341
"../../../Engine/Content/EngineDebugMaterials/VolumeToRender.uasset" 342
"../../../Engine/Content/Functions/Engine_MaterialFunctions02/Utility/CameraDirectionVector.uasset" 343
"../../../Engine/Content/EngineDebugMaterials/M_VolumeRenderSphereTracePP.uasset" 344
"../../../Engine/Content/Functions/Engine_MaterialFunctions01/Shading/ConvertFromDiffSpec.uasset" 345
"../../../Engine/Content/EngineDebugMaterials/VertexColorMaterial.uasset" 346
"../../../Engine/Content/EngineDebugMaterials/WireframeMaterial.uasset" 347
"../../../Engine/Content/EngineFonts/Faces/RobotoRegular.uasset" 348
"../../../Engine/Content/EngineFonts/Faces/RobotoLight.uasset" 349
"../../../Engine/Content/EngineFonts/Faces/RobotoItalic.uasset" 350
"../../../Engine/Content/EngineFonts/Faces/RobotoBoldItalic.uasset" 351
"../../../Engine/Content/EngineFonts/Faces/RobotoBold.uasset" 352
"../../../Engine/Content/EngineFonts/Faces/DroidSansFallback.uasset" 353
"../../../Engine/Content/EngineFonts/Roboto.uasset" 354
"../../../Engine/Content/EngineMaterials/BaseFlattenNormalMap.uasset" 355
"../../../Engine/Content/EngineMaterials/BaseFlattenGrayscaleMap.uasset" 356
"../../../Engine/Content/EngineMaterials/BaseFlattenEmissiveMap.uasset" 357
"../../../Engine/Content/EngineMaterials/BaseFlattenDiffuseMap.uasset" 358
"../../../Engine/Content/EngineMaterials/BaseFlattenMaterial.uasset" 359
"../../../Engine/Content/EngineMaterials/BlueNoise.uasset" 360
"../../../Engine/Content/EngineMaterials/DefaultBloomKernel.uasset" 361
"../../../Engine/Content/EngineMaterials/DefaultBokeh.uasset" 362
"../../../Engine/Content/EngineMaterials/DefaultDiffuse.uasset" 363
"../../../Engine/Content/EngineMaterials/DefaultDeferredDecalMaterial.uasset" 364
"../../../Engine/Content/EngineMaterials/DefaultLightFunctionMaterial.uasset" 365
"../../../Engine/Content/EngineMaterials/DefaultPhysicalMaterial.uasset" 366
"../../../Engine/Content/Functions/Engine_MaterialFunctions02/Utility/BreakOutFloat2Components.uasset" 367
"../../../Engine/Content/EngineMaterials/DefaultPostProcessMaterial.uasset" 368
"../../../Engine/Content/EngineFonts/RobotoDistanceField.uasset" 369
"../../../Engine/Content/EngineMaterials/DefaultTextMaterialOpaque.uasset" 370
"../../../Engine/Content/EngineMaterials/DefaultWhiteGrid.uasset" 371
"../../../Engine/Content/EngineMaterials/DefaultWhiteGrid_Low.uasset" 372
"../../../Engine/Content/EngineMaterials/EmissiveMeshMaterial.uasset" 373
"../../../Engine/Content/EngineMaterials/GizmoMaterial.uasset" 374
"../../../Engine/Content/EngineMaterials/Good64x64TilingNoiseHighFreq.uasset" 375
"../../../Engine/Content/EngineMaterials/MiniFont.uasset" 376
"../../../Engine/Content/EngineMaterials/InvalidLightmapSettings.uasset" 377
"../../../Engine/Content/EngineMaterials/M_InvalidLightmapSettings.uasset" 378
"../../../Engine/Content/Functions/Engine_MaterialFunctions02/WorldPositionOffset/CameraOffset.uasset" 379
"../../../Engine/Content/EngineMaterials/PhAT_JointLimitMaterial.uasset" 380
"../../../Engine/Content/EngineMaterials/PreintegratedSkinBRDF.uasset" 381
"../../../Engine/Content/EngineMaterials/RemoveSurfaceMaterial.uasset" 382
"../../../Engine/Content/EngineMaterials/WeightMapPlaceholderTexture.uasset" 383
"../../../Engine/Content/EngineResources/WhiteSquareTexture.uasset" 384
"../../../Engine/Content/EngineMaterials/Widget3DPassThrough.uasset" 385
"../../../Engine/Content/EngineMaterials/Widget3DPassThrough_Masked.uasset" 386
"../../../Engine/Content/EngineMaterials/Widget3DPassThrough_Opaque.uasset" 387
"../../../Engine/Content/EngineMaterials/Widget3DPassThrough_Masked_OneSided.uasset" 388
"../../../Engine/Content/EngineMaterials/Widget3DPassThrough_Opaque_OneSided.uasset" 389
"../../../Engine/Content/EngineMaterials/Widget3DPassThrough_Translucent.uasset" 390
"../../../Engine/Content/EngineMaterials/Widget3DPassThrough_Translucent_OneSided.uasset" 391
"../../../Engine/Content/EngineMeshes/Cylinder.uasset" 392
"../../../Engine/Content/EngineMeshes/Sphere.uasset" 393
"../../../Engine/Content/EngineResources/Black.uasset" 394
"../../../Engine/Content/EngineResources/DefaultTextureCube.uasset" 395
"../../../Engine/Content/EngineResources/DefaultVolumeTexture2D.uasset" 396
"../../../Engine/Content/EngineResources/DefaultVolumeTexture.uasset" 397
"../../../Engine/Content/EngineResources/GradientTexture0.uasset" 398
"../../../Engine/Content/EngineSky/VolumetricClouds/T_NoiseShape64.uasset" 399
"../../../Engine/Content/EngineSky/VolumetricClouds/T_VolumeNoiseShape64.uasset" 400
"../../../Engine/Content/EngineSky/VolumetricClouds/T_NoiseErosion.uasset" 401
"../../../Engine/Content/EngineSky/VolumetricClouds/T_VolumeNoiseErosion32.uasset" 402
"../../../Engine/Content/EngineSky/VolumetricClouds/CloudWeatherTexture.uasset" 403
"../../../Engine/Content/EngineSky/VolumetricClouds/CloudGradientTexture.uasset" 404
"../../../Engine/Content/Functions/Engine_MaterialFunctions02/Utility/MakeFloat2.uasset" 405
"../../../Engine/Content/EngineSky/VolumetricClouds/m_SimpleVolumetricCloud.uasset" 406
"../../../Engine/Content/EngineSky/VolumetricClouds/m_SimpleVolumetricCloud_Inst.uasset" 407
"../../../Engine/Content/EngineSounds/Master.uasset" 408
"../../../Engine/Content/Functions/Engine_MaterialFunctions01/Shading/PowerToRoughness.uasset" 409
"../../../Engine/Content/Maps/Templates/Thumbnails/Default.uasset" 410
"../../../Engine/Content/Maps/Templates/Thumbnails/TimeOfDay.uasset" 411
"../../../Engine/Content/Maps/Templates/Thumbnails/VR-Basic.uasset" 412
"../../../Engine/Content/MobileResources/T_MobileControls_texture.uasset" 413
"../../../Engine/Content/MobileResources/T_MobileMenu2.uasset" 414
"../../../Engine/Content/MobileResources/HUD/AnalogHat.uasset" 415
"../../../Engine/Content/MobileResources/HUD/VirtualJoystick_Thumb.uasset" 416
"../../../Engine/Content/MobileResources/HUD/VirtualJoystick_Background.uasset" 417
"../../../Engine/Content/MobileResources/HUD/DefaultVirtualJoysticks.uasset" 418
"../../../Engine/Content/MobileResources/HUD/LeftVirtualJoystickOnly.uasset" 419
"../../../Engine/Content/MobileResources/HUD/MobileHUDButton1_off.uasset" 420
"../../../Engine/Content/MobileResources/HUD/MobileHUDButton1_on.uasset" 421
"../../../Engine/Content/MobileResources/HUD/MobileHUDButton2_off.uasset" 422
"../../../Engine/Content/MobileResources/HUD/MobileHUDButton2_on.uasset" 423
"../../../Engine/Content/MobileResources/HUD/MobileHUDButton3.uasset" 424
"../../../Engine/Content/MobileResources/HUD/MobileHUDButtonFire.uasset" 425
"../../../Engine/Content/MobileResources/HUD/MobileHUDDirectionPad.uasset" 426
"../../../Engine/Content/MobileResources/HUD/MobileHUDDirectionPad2.uasset" 427
"../../../Engine/Content/MobileResources/HUD/MobileHUDDirectionPad3.uasset" 428
"../../../Engine/Content/MobileResources/HUD/MobileHUDDirectionStick.uasset" 429
"../../../Engine/Content/MobileResources/HUD/T_Castle_ThumbstickInner.uasset" 430
"../../../Engine/Content/MobileResources/HUD/T_Castle_ThumbstickOutter.uasset" 431
"../../../Engine/Content/Tutorial/ContentIntroCurve.uasset" 432
"../../../Engine/Content/Tutorial/Basics/LevelEditorAttract.uasset" 433
"../../../Engine/Content/Tutorial/Basics/TutorialAssets/icon_tab_Levels_40x.uasset" 434
"../../../Engine/Content/Tutorial/Basics/LevelEditorOverview.uasset" 435
"../../../Engine/Content/Tutorial/BlueprintTutorials/TutorialAssets/Blueprint_64x.uasset" 436
"../../../Engine/Content/Tutorial/BlueprintTutorials/BlueprintEditorTutorial.uasset" 437
"../../../Engine/Content/VREditor/TransformGizmo/TranslucentTransformGizmoMaterial.uasset" 438
"../../../Engine/Content/VREditor/LaserPointer/VR_LaserPower_01.uasset" 439
"../../../Engine/Content/VREditor/TransformGizmo/TransformGizmoMaterial.uasset" 440
"../../../Engine/Content/VREditor/TransformGizmo/BoundingBoxCorner.uasset" 441
"../../../Engine/Content/VREditor/TransformGizmo/BoundingBoxEdge.uasset" 442
"../../../Engine/Content/VREditor/TransformGizmo/PlaneTranslationHandle.uasset" 443
"../../../Engine/Content/VREditor/TransformGizmo/Xray.uasset" 444
"../../../Engine/Content/VREditor/TransformGizmo/Main.uasset" 445
"../../../Engine/Content/VREditor/TransformGizmo/SM_Sequencer_Key.uasset" 446
"../../../Engine/Content/VREditor/TransformGizmo/SM_Sequencer_Node.uasset" 447
"../../Plugins/2D/Paper2D/Content/PlaceholderTextures/DummySpriteTexture.uasset" 448
"../../Plugins/2D/Paper2D/Content/DummySprite.uasset" 449
"../../Plugins/2D/Paper2D/Content/DefaultPaperTerrainMaterial.uasset" 450
"../../Plugins/2D/Paper2D/Content/DefaultSpriteMaterial.uasset" 451
"../../Plugins/2D/Paper2D/Content/MaskedUnlitSpriteMaterial.uasset" 452
"../../Plugins/2D/Paper2D/Content/OpaqueUnlitSpriteMaterial.uasset" 453
"../../../Engine/Content/Functions/Engine_MaterialFunctions02/Utility/BreakOutFloat3Components.uasset" 454
"../../Plugins/Editor/SpeedTreeImporter/Content/SpeedTree9/UnpackInteger3.uasset" 455
"../../Plugins/Editor/SpeedTreeImporter/Content/SpeedTree9/UnpackDirection.uasset" 456
"../../Plugins/Editor/SpeedTreeImporter/Content/SpeedTree9/game_wind_noise.uasset" 457
"../../../Engine/Content/Functions/Engine_MaterialFunctions02/SafeNormalize.uasset" 458
"../../Plugins/Editor/SpeedTreeImporter/Content/SpeedTree9/SpeedTreeWindMotion.uasset" 459
"../../Plugins/Editor/SpeedTreeImporter/Content/SpeedTree9/SpeedTreeBranchMotion.uasset" 460
"../../../Engine/Content/Functions/Engine_MaterialFunctions02/ObjectLocalBounds.uasset" 461
"../../../Engine/Content/Functions/Engine_MaterialFunctions02/UVs/BoundingBoxBased_0-1_UVW.uasset" 462
"../../Plugins/Editor/SpeedTreeImporter/Content/SpeedTree9/SpeedTreeWind.uasset" 463
"../../Plugins/Editor/SpeedTreeImporter/Content/SpeedTree9/SpeedTreeBillboard.uasset" 464
"../../../Engine/Content/EngineResources/DefaultTexture.uasset" 465
"../../Plugins/Editor/SpeedTreeImporter/Content/SpeedTree9/SpeedTreeBillboardMaster.uasset" 466
"../../Plugins/Editor/SpeedTreeImporter/Content/SpeedTree9/SpeedTreeCameraFacing.uasset" 467
"../../Plugins/Editor/SpeedTreeImporter/Content/SpeedTree9/SpeedTreeMaster.uasset" 468
"../../../Engine/Content/BasicShapes/Cylinder.uasset" 469
"../../../Engine/Content/ArtTools/RenderToTexture/Materials/Debug/M_Emissive_Color.uasset" 470
"../../Plugins/Lumin/MagicLeapPassableWorld/Content/MagicLeapARPinInfoActor.uasset" 471
"../../../Engine/Content/Functions/Engine_MaterialFunctions02/Utility/BreakOutFloat4Components.uasset" 472
"../../../Engine/Content/Functions/Engine_MaterialFunctions02/Utility/MakeFloat3.uasset" 473
"../../Plugins/Runtime/Oculus/OculusVR/Content/Materials/OculusMR_ChromaKey.uasset" 474
"../../Plugins/Runtime/Oculus/OculusVR/Content/Materials/OculusMR_OpaqueColoredMaterial.uasset" 475
"../../Plugins/Runtime/Oculus/OculusVR/Content/Materials/PokeAHoleMaterial.uasset" 476
"../../../../../Documents/Unreal Projects/TPS/Content/StarterContent/Materials/M_AssetPlatform.uasset" 477
"../../../../../Documents/Unreal Projects/TPS/Content/StarterContent/Architecture/SM_AssetPlatform.uasset" 478
"../../../Engine/Content/EditorMeshes/ColorCalibrator/M_GreyBall.uasset" 479
"../../../Engine/Content/EditorMeshes/ColorCalibrator/Color_checker.uasset" 480
"../../../Engine/Content/EditorMeshes/ColorCalibrator/M_ColorGrid.uasset" 481
"../../../Engine/Content/EditorMeshes/ColorCalibrator/M_ClearCoatBlack.uasset" 482
"../../../Engine/Content/EditorMeshes/ColorCalibrator/M_ClearCoat.uasset" 483
"../../../Engine/Content/EditorMeshes/ColorCalibrator/M_ChromeBall.uasset" 484
"../../../Engine/Content/EditorMeshes/ColorCalibrator/SM_ColorCalibrator.uasset" 485
"../../../../../Documents/Unreal Projects/TPS/Content/StarterContent/Maps/Advanced_Lighting_BuiltData.uasset" 486
"../../../../../Documents/Unreal Projects/TPS/Content/StarterContent/HDRI/HDRI_Epic_Courtyard_Daylight.uasset" 487
"../../../Engine/Content/MapTemplates/Sky/DaylightAmbientCubemap.uasset" 488
"../../../../../Documents/Unreal Projects/TPS/Content/StarterContent/Blueprints/Assets/M_LightStage_Skybox_Master.uasset" 489
"../../../../../Documents/Unreal Projects/TPS/Content/StarterContent/Blueprints/Assets/M_LightStage_Skybox_HDRI.uasset" 490
"../../../../../Documents/Unreal Projects/TPS/Content/StarterContent/Blueprints/Assets/M_LightStage_Arrows.uasset" 491
"../../../../../Documents/Unreal Projects/TPS/Content/StarterContent/Blueprints/Assets/SM_Arrows.uasset" 492
"../../../Engine/Content/EditorMaterials/Thumbnails/SkySphereMaterial.uasset" 493
"../../../../../Documents/Unreal Projects/TPS/Content/StarterContent/Blueprints/Assets/Skybox.uasset" 494
"../../../../../Documents/Unreal Projects/TPS/Content/StarterContent/Blueprints/Assets/M_LightStage_Skybox_Black.uasset" 495
"../../../../../Documents/Unreal Projects/TPS/Content/StarterContent/Blueprints/Assets/SunlightColorLUT.uasset" 496
"../../../../../Documents/Unreal Projects/TPS/Content/StarterContent/Blueprints/Assets/FogBrightnessLUT.uasset" 497
"../../../../../Documents/Unreal Projects/TPS/Content/StarterContent/Blueprints/BP_LightStudio.uasset" 498
"../../../../../Documents/Unreal Projects/TPS/Content/StarterContent/Maps/Advanced_Lighting.umap" 499
"../../../../../Documents/Unreal Projects/TPS/Content/StarterContent/Architecture/Floor_400x400.uasset" 500
"../../../../../Documents/Unreal Projects/TPS/Content/StarterContent/Textures/T_TableRound_N.uasset" 501
"../../../../../Documents/Unreal Projects/TPS/Content/StarterContent/Textures/T_TableRound_M.uasset" 502
"../../../../../Documents/Unreal Projects/TPS/Content/StarterContent/Props/Materials/M_TableRound.uasset" 503
"../../../../../Documents/Unreal Projects/TPS/Content/StarterContent/Props/SM_TableRound.uasset" 504
"../../../../../Documents/Unreal Projects/TPS/Content/StarterContent/Textures/T_Statue_N.uasset" 505
"../../../../../Documents/Unreal Projects/TPS/Content/StarterContent/Textures/T_Statue_M.uasset" 506
"../../../../../Documents/Unreal Projects/TPS/Content/StarterContent/Props/Materials/M_Statue.uasset" 507
"../../../../../Documents/Unreal Projects/TPS/Content/StarterContent/Props/Materials/M_StatueGlass.uasset" 508
"../../../../../Documents/Unreal Projects/TPS/Content/StarterContent/Props/SM_Statue.uasset" 509
"../../../../../Documents/Unreal Projects/TPS/Content/StarterContent/Props/SM_Chair.uasset" 510
"../../../../../Documents/Unreal Projects/TPS/Content/StarterContent/Textures/T_MacroVariation.uasset" 511
"../../../../../Documents/Unreal Projects/TPS/Content/StarterContent/Textures/T_Metal_Copper_D.uasset" 512
"../../../../../Documents/Unreal Projects/TPS/Content/StarterContent/Textures/T_Metal_Gold_N.uasset" 513
"../../../../../Documents/Unreal Projects/TPS/Content/StarterContent/Materials/M_Metal_Copper.uasset" 514
"../../../../../Documents/Unreal Projects/TPS/Content/StarterContent/Textures/T_Metal_Aluminum_D.uasset" 515
"../../../../../Documents/Unreal Projects/TPS/Content/StarterContent/Materials/M_Metal_Burnished_Steel.uasset" 516
"../../../../../Documents/Unreal Projects/TPS/Content/StarterContent/Materials/M_Metal_Brushed_Nickel.uasset" 517
"../../../Engine/Content/EngineSky/T_Sky_Stars.uasset" 518
"../../../Engine/Content/EngineSky/T_Sky_Clouds_M.uasset" 519
"../../../Engine/Content/EngineSky/T_Sky_Blue.uasset" 520
"../../../Engine/Content/EngineSky/M_Sky_Panning_Clouds2.uasset" 521
"../../../../../Documents/Unreal Projects/TPS/Content/StarterContent/Maps/Minimal_Default_BuiltData.uasset" 522
"../../../Engine/Content/EngineSky/SM_SkySphere.uasset" 523
"../../../Engine/Content/EngineSky/C_Sky_Zenith_Color.uasset" 524
"../../../Engine/Content/EngineSky/C_Sky_Horizon_Color.uasset" 525
"../../../Engine/Content/EngineSky/C_Sky_Cloud_Color.uasset" 526
"../../../Engine/Content/EngineSky/BP_Sky_Sphere.uasset" 527
"../../../../../Documents/Unreal Projects/TPS/Content/StarterContent/Audio/Starter_Background_Cue.uasset" 528
"../../../../../Documents/Unreal Projects/TPS/Content/StarterContent/Maps/Minimal_Default.umap" 529
"../../../../../Documents/Unreal Projects/TPS/Content/StarterContent/Shapes/Shape_Sphere.uasset" 530
"../../../../../Documents/Unreal Projects/TPS/Content/StarterContent/Shapes/Shape_QuadPyramid.uasset" 531
"../../../../../Documents/Unreal Projects/TPS/Content/StarterContent/Shapes/Shape_Cube.uasset" 532
"../../../../../Documents/Unreal Projects/TPS/Content/StarterContent/Textures/T_Frame_N.uasset" 533
"../../../../../Documents/Unreal Projects/TPS/Content/StarterContent/Textures/T_Frame_M.uasset" 534
"../../../../../Documents/Unreal Projects/TPS/Content/StarterContent/Props/Materials/M_Frame.uasset" 535
"../../../../../Documents/Unreal Projects/TPS/Content/StarterContent/Props/SM_WindowFrame.uasset" 536
"../../../../../Documents/Unreal Projects/TPS/Content/StarterContent/Props/SM_PillarFrame300.uasset" 537
"../../../../../Documents/Unreal Projects/TPS/Content/StarterContent/Props/SM_PillarFrame.uasset" 538
"../../../../../Documents/Unreal Projects/TPS/Content/StarterContent/Props/SM_GlassWindow.uasset" 539
"../../../../../Documents/Unreal Projects/TPS/Content/StarterContent/Props/SM_DoorFrame.uasset" 540
"../../../../../Documents/Unreal Projects/TPS/Content/StarterContent/Props/SM_CornerFrame.uasset" 541
"../../../../../Documents/Unreal Projects/TPS/Content/StarterContent/Textures/T_Dust_Particle_D.uasset" 542
"../../../../../Documents/Unreal Projects/TPS/Content/StarterContent/Particles/Materials/M_Dust_Particle.uasset" 543
"../../../../../Documents/Unreal Projects/TPS/Content/StarterContent/Particles/P_Ambient_Dust.uasset" 544
"../../../../../Documents/Unreal Projects/TPS/Content/StarterContent/Textures/T_Wood_Walnut_N.uasset" 545
"../../../../../Documents/Unreal Projects/TPS/Content/StarterContent/Textures/T_Wood_Walnut_D.uasset" 546
"../../../../../Documents/Unreal Projects/TPS/Content/StarterContent/Materials/M_Wood_Walnut.uasset" 547
"../../../../../Documents/Unreal Projects/TPS/Content/StarterContent/Textures/T_Perlin_Noise_M.uasset" 548
"../../../../../Documents/Unreal Projects/TPS/Content/StarterContent/Textures/T_Wood_Pine_N.uasset" 549
"../../../../../Documents/Unreal Projects/TPS/Content/StarterContent/Textures/T_Wood_Pine_D.uasset" 550
"../../../../../Documents/Unreal Projects/TPS/Content/StarterContent/Materials/M_Wood_Pine.uasset" 551
"../../../../../Documents/Unreal Projects/TPS/Content/StarterContent/Textures/T_Wood_Oak_N.uasset" 552
"../../../../../Documents/Unreal Projects/TPS/Content/StarterContent/Textures/T_Wood_Oak_D.uasset" 553
"../../../../../Documents/Unreal Projects/TPS/Content/StarterContent/Materials/M_Wood_Oak.uasset" 554
"../../../Engine/Content/Functions/Engine_MaterialFunctions01/Opacity/AlphaOffset.uasset" 555
"../../../../../Documents/Unreal Projects/TPS/Content/StarterContent/Textures/T_Wood_Floor_Walnut_N.uasset" 556
"../../../../../Documents/Unreal Projects/TPS/Content/StarterContent/Textures/T_Wood_Floor_Walnut_M.uasset" 557
"../../../../../Documents/Unreal Projects/TPS/Content/StarterContent/Textures/T_Wood_Floor_Walnut_D.uasset" 558
"../../../../../Documents/Unreal Projects/TPS/Content/StarterContent/Materials/M_Wood_Floor_Walnut_Worn.uasset" 559
"../../../../../Documents/Unreal Projects/TPS/Content/StarterContent/Materials/M_Wood_Floor_Walnut_Polished.uasset" 560
"../../../../../Documents/Unreal Projects/TPS/Content/StarterContent/Textures/T_Water_M.uasset" 561
"../../../../../Documents/Unreal Projects/TPS/Content/StarterContent/Textures/T_Water_N.uasset" 562
"../../../../../Documents/Unreal Projects/TPS/Content/StarterContent/Materials/M_Water_Ocean.uasset" 563
"../../../../../Documents/Unreal Projects/TPS/Content/StarterContent/Materials/M_Water_Lake.uasset" 564
"../../../../../Documents/Unreal Projects/TPS/Content/StarterContent/Textures/T_Tech_Panel_N.uasset" 565
"../../../../../Documents/Unreal Projects/TPS/Content/StarterContent/Textures/T_Tech_Panel_M.uasset" 566
"../../../../../Documents/Unreal Projects/TPS/Content/StarterContent/Textures/T_Metal_Steel_D.uasset" 567
"../../../../../Documents/Unreal Projects/TPS/Content/StarterContent/Materials/M_Tech_Panel.uasset" 568
"../../../../../Documents/Unreal Projects/TPS/Content/StarterContent/Textures/T_Tech_Hex_Tile_N.uasset" 569
"../../../../../Documents/Unreal Projects/TPS/Content/StarterContent/Textures/T_Tech_Hex_Tile_M.uasset" 570
"../../../../../Documents/Unreal Projects/TPS/Content/StarterContent/Materials/M_Tech_Hex_Tile_Pulse.uasset" 571
"../../../../../Documents/Unreal Projects/TPS/Content/StarterContent/Materials/M_Tech_Hex_Tile.uasset" 572
"../../../../../Documents/Unreal Projects/TPS/Content/StarterContent/Textures/T_Tech_Dot_N.uasset" 573
"../../../../../Documents/Unreal Projects/TPS/Content/StarterContent/Textures/T_Tech_Dot_M.uasset" 574
"../../../../../Documents/Unreal Projects/TPS/Content/StarterContent/Textures/T_Single_Tile_N.uasset" 575
"../../../../../Documents/Unreal Projects/TPS/Content/StarterContent/Textures/T_Checker_Noise_M.uasset" 576
"../../../../../Documents/Unreal Projects/TPS/Content/StarterContent/Materials/M_Tech_Checker_Dot.uasset" 577
"../../../../../Documents/Unreal Projects/TPS/Content/StarterContent/Textures/T_Rock_Slate_N.uasset" 578
"../../../../../Documents/Unreal Projects/TPS/Content/StarterContent/Textures/T_Rock_Slate_D.uasset" 579
"../../../../../Documents/Unreal Projects/TPS/Content/StarterContent/Materials/M_Rock_Slate.uasset" 580
"../../../../../Documents/Unreal Projects/TPS/Content/StarterContent/Textures/T_Rock_Sandstone_N.uasset" 581
"../../../../../Documents/Unreal Projects/TPS/Content/StarterContent/Textures/T_Rock_Sandstone_D.uasset" 582
"../../../../../Documents/Unreal Projects/TPS/Content/StarterContent/Materials/M_Rock_Sandstone.uasset" 583
"../../../../../Documents/Unreal Projects/TPS/Content/StarterContent/Textures/T_Rock_Marble_Polished_D.uasset" 584
"../../../../../Documents/Unreal Projects/TPS/Content/StarterContent/Materials/M_Rock_Marble_Polished.uasset" 585
"../../../../../Documents/Unreal Projects/TPS/Content/StarterContent/Textures/T_Rock_Basalt_N.uasset" 586
"../../../../../Documents/Unreal Projects/TPS/Content/StarterContent/Materials/M_Rock_Basalt.uasset" 587
"../../../../../Documents/Unreal Projects/TPS/Content/StarterContent/Textures/T_Metal_Steel_N.uasset" 588
"../../../../../Documents/Unreal Projects/TPS/Content/StarterContent/Materials/M_Metal_Steel.uasset" 589
"../../../../../Documents/Unreal Projects/TPS/Content/StarterContent/Textures/T_Metal_Rust_D.uasset" 590
"../../../../../Documents/Unreal Projects/TPS/Content/StarterContent/Textures/T_Metal_Rust_N.uasset" 591
"../../../../../Documents/Unreal Projects/TPS/Content/StarterContent/Materials/M_Metal_Rust.uasset" 592
"../../../../../Documents/Unreal Projects/TPS/Content/StarterContent/Textures/T_Metal_Gold_D.uasset" 593
"../../../../../Documents/Unreal Projects/TPS/Content/StarterContent/Materials/M_Metal_Gold.uasset" 594
"../../../../../Documents/Unreal Projects/TPS/Content/StarterContent/Materials/M_Metal_Chrome.uasset" 595
"../../../../../Documents/Unreal Projects/TPS/Content/StarterContent/Textures/T_Ground_Moss_N.uasset" 596
"../../../../../Documents/Unreal Projects/TPS/Content/StarterContent/Textures/T_ground_Moss_D.uasset" 597
"../../../../../Documents/Unreal Projects/TPS/Content/StarterContent/Materials/M_Ground_Moss.uasset" 598
"../../../../../Documents/Unreal Projects/TPS/Content/StarterContent/Textures/T_Ground_Gravel_N.uasset" 599
"../../../../../Documents/Unreal Projects/TPS/Content/StarterContent/Textures/T_Ground_Gravel_D.uasset" 600
"../../../../../Documents/Unreal Projects/TPS/Content/StarterContent/Materials/M_Ground_Gravel.uasset" 601
"../../../../../Documents/Unreal Projects/TPS/Content/StarterContent/Textures/T_Ground_Grass_N.uasset" 602
"../../../../../Documents/Unreal Projects/TPS/Content/StarterContent/Textures/T_Ground_Grass_D.uasset" 603
"../../../../../Documents/Unreal Projects/TPS/Content/StarterContent/Materials/M_Ground_Grass.uasset" 604
"../../../../../Documents/Unreal Projects/TPS/Content/StarterContent/Textures/T_Concrete_Tiles_Variation_M.uasset" 605
"../../../../../Documents/Unreal Projects/TPS/Content/StarterContent/Textures/T_Concrete_Tiles_N.uasset" 606
"../../../../../Documents/Unreal Projects/TPS/Content/StarterContent/Textures/T_Concrete_Tiles_M.uasset" 607
"../../../../../Documents/Unreal Projects/TPS/Content/StarterContent/Textures/T_Concrete_Tiles_D.uasset" 608
"../../../../../Documents/Unreal Projects/TPS/Content/StarterContent/Materials/M_Concrete_Tiles.uasset" 609
"../../../../../Documents/Unreal Projects/TPS/Content/StarterContent/Textures/T_Concrete_Poured_N.uasset" 610
"../../../../../Documents/Unreal Projects/TPS/Content/StarterContent/Textures/T_Concrete_Poured_D.uasset" 611
"../../../../../Documents/Unreal Projects/TPS/Content/StarterContent/Materials/M_Concrete_Poured.uasset" 612
"../../../../../Documents/Unreal Projects/TPS/Content/StarterContent/Textures/T_Concrete_Panels_N.uasset" 613
"../../../../../Documents/Unreal Projects/TPS/Content/StarterContent/Textures/T_Concrete_Panels_D.uasset" 614
"../../../../../Documents/Unreal Projects/TPS/Content/StarterContent/Materials/M_Concrete_Panels.uasset" 615
"../../../../../Documents/Unreal Projects/TPS/Content/StarterContent/Textures/T_Concrete_Grime_D.uasset" 616
"../../../../../Documents/Unreal Projects/TPS/Content/StarterContent/Materials/M_Concrete_Grime.uasset" 617
"../../../../../Documents/Unreal Projects/TPS/Content/StarterContent/Textures/T_CobbleStone_Smooth_D.uasset" 618
"../../../../../Documents/Unreal Projects/TPS/Content/StarterContent/Textures/T_Rock_Smooth_Granite_D.uasset" 619
"../../../../../Documents/Unreal Projects/TPS/Content/StarterContent/Textures/T_Gradinet_01.uasset" 620
"../../../../../Documents/Unreal Projects/TPS/Content/StarterContent/Textures/T_CobbleStone_Smooth_N.uasset" 621
"../../../../../Documents/Unreal Projects/TPS/Content/StarterContent/Textures/T_CobbleStone_Smooth_M.uasset" 622
"../../../../../Documents/Unreal Projects/TPS/Content/StarterContent/Materials/M_CobbleStone_Smooth.uasset" 623
"../../../../../Documents/Unreal Projects/TPS/Content/StarterContent/Textures/T_CobbleStone_Rough_N.uasset" 624
"../../../../../Documents/Unreal Projects/TPS/Content/StarterContent/Textures/T_CobbleStone_Rough_D.uasset" 625
"../../../../../Documents/Unreal Projects/TPS/Content/StarterContent/Materials/M_CobbleStone_Rough.uasset" 626
"../../../../../Documents/Unreal Projects/TPS/Content/StarterContent/Textures/T_CobbleStone_Pebble_N.uasset" 627
"../../../../../Documents/Unreal Projects/TPS/Content/StarterContent/Textures/T_CobbleStone_Pebble_M.uasset" 628
"../../../../../Documents/Unreal Projects/TPS/Content/StarterContent/Textures/T_CobbleStone_Pebble_D.uasset" 629
"../../../../../Documents/Unreal Projects/TPS/Content/StarterContent/Materials/M_CobbleStone_Pebble.uasset" 630
"../../../../../Documents/Unreal Projects/TPS/Content/StarterContent/Textures/T_Ceramic_Tile_N.uasset" 631
"../../../../../Documents/Unreal Projects/TPS/Content/StarterContent/Textures/T_Ceramic_Tile_M.uasset" 632
"../../../../../Documents/Unreal Projects/TPS/Content/StarterContent/Materials/M_Ceramic_Tile_Checker.uasset" 633
"../../../../../Documents/Unreal Projects/TPS/Content/StarterContent/Textures/T_Brick_Hewn_Stone_N.uasset" 634
"../../../../../Documents/Unreal Projects/TPS/Content/StarterContent/Textures/T_Brick_Hewn_Stone_M.uasset" 635
"../../../../../Documents/Unreal Projects/TPS/Content/StarterContent/Textures/T_Brick_Hewn_Stone_D.uasset" 636
"../../../../../Documents/Unreal Projects/TPS/Content/StarterContent/Materials/M_Brick_Hewn_Stone.uasset" 637
"../../../../../Documents/Unreal Projects/TPS/Content/StarterContent/Textures/T_Brick_Cut_Stone_N.uasset" 638
"../../../../../Documents/Unreal Projects/TPS/Content/StarterContent/Textures/T_Brick_Cut_Stone_D.uasset" 639
"../../../../../Documents/Unreal Projects/TPS/Content/StarterContent/Materials/M_Brick_Cut_Stone.uasset" 640
"../../../../../Documents/Unreal Projects/TPS/Content/StarterContent/Textures/T_Brick_Clay_Old_N.uasset" 641
"../../../../../Documents/Unreal Projects/TPS/Content/StarterContent/Textures/T_Brick_Clay_Old_D.uasset" 642
"../../../../../Documents/Unreal Projects/TPS/Content/StarterContent/Materials/M_Brick_Clay_Old.uasset" 643
"../../../../../Documents/Unreal Projects/TPS/Content/StarterContent/Textures/T_Brick_Clay_New_N.uasset" 644
"../../../../../Documents/Unreal Projects/TPS/Content/StarterContent/Textures/T_Brick_Clay_New_M.uasset" 645
"../../../../../Documents/Unreal Projects/TPS/Content/StarterContent/Textures/T_Brick_Clay_New_D.uasset" 646
"../../../../../Documents/Unreal Projects/TPS/Content/StarterContent/Materials/M_Brick_Clay_New.uasset" 647
"../../../../../Documents/Unreal Projects/TPS/Content/StarterContent/Textures/T_Brick_Clay_Beveled_N.uasset" 648
"../../../../../Documents/Unreal Projects/TPS/Content/StarterContent/Textures/T_Brick_Clay_Beveled_M.uasset" 649
"../../../../../Documents/Unreal Projects/TPS/Content/StarterContent/Textures/T_Brick_Clay_Beveled_D.uasset" 650
"../../../../../Documents/Unreal Projects/TPS/Content/StarterContent/Materials/M_Brick_Clay_Beveled.uasset" 651
"../../../../../Documents/Unreal Projects/TPS/Content/StarterContent/Architecture/Wall_400x200.uasset" 652
"../../../Engine/Content/Functions/Engine_MaterialFunctions03/Procedurals/ComputeFilterWidth.uasset" 653
"../../../Engine/Content/EngineMaterials/AntiAliasedTextMaterialTranslucent.uasset" 654
"../../../../../Documents/Unreal Projects/TPS/Content/StarterContent/Maps/StarterMap_BuiltData.uasset" 655
"../../../../../Documents/Unreal Projects/TPS/Content/StarterContent/Blueprints/Blueprint_WallSconce.uasset" 656
"../../../../../Documents/Unreal Projects/TPS/Content/StarterContent/Particles/P_Steam_Lit.uasset" 657
"../../../../../Documents/Unreal Projects/TPS/Content/StarterContent/Audio/Steam01_Cue.uasset" 658
"../../../../../Documents/Unreal Projects/TPS/Content/StarterContent/Blueprints/Blueprint_Effect_Steam.uasset" 659
"../../../../../Documents/Unreal Projects/TPS/Content/StarterContent/Textures/T_Spark_Core.uasset" 660
"../../../../../Documents/Unreal Projects/TPS/Content/StarterContent/Particles/Materials/M_Spark.uasset" 661
"../../../../../Documents/Unreal Projects/TPS/Content/StarterContent/Particles/Materials/M_Radial_Gradient.uasset" 662
"../../../../../Documents/Unreal Projects/TPS/Content/StarterContent/Particles/P_Sparks.uasset" 663
"../../../../../Documents/Unreal Projects/TPS/Content/StarterContent/Audio/Fire_Sparks01_Cue.uasset" 664
"../../../../../Documents/Unreal Projects/TPS/Content/StarterContent/Blueprints/Blueprint_Effect_Sparks.uasset" 665
"../../../../../Documents/Unreal Projects/TPS/Content/StarterContent/Particles/P_Smoke.uasset" 666
"../../../../../Documents/Unreal Projects/TPS/Content/StarterContent/Audio/Smoke01_Cue.uasset" 667
"../../../../../Documents/Unreal Projects/TPS/Content/StarterContent/Blueprints/Blueprint_Effect_Smoke.uasset" 668
"../../../../../Documents/Unreal Projects/TPS/Content/StarterContent/Particles/Materials/M_Heat_Distortion.uasset" 669
"../../../../../Documents/Unreal Projects/TPS/Content/StarterContent/Textures/T_Fire_Tiled_D.uasset" 670
"../../../../../Documents/Unreal Projects/TPS/Content/StarterContent/Textures/T_Fire_SubUV.uasset" 671
"../../../../../Documents/Unreal Projects/TPS/Content/StarterContent/Particles/Materials/M_Fire_SubUV.uasset" 672
"../../../../../Documents/Unreal Projects/TPS/Content/StarterContent/Particles/P_Fire.uasset" 673
"../../../../../Documents/Unreal Projects/TPS/Content/StarterContent/Audio/Fire01_Cue.uasset" 674
"../../../../../Documents/Unreal Projects/TPS/Content/StarterContent/Blueprints/Blueprint_Effect_Fire.uasset" 675
"../../../../../Documents/Unreal Projects/TPS/Content/StarterContent/Props/SM_Lamp_Ceiling.uasset" 676
"../../../../../Documents/Unreal Projects/TPS/Content/StarterContent/Blueprints/Blueprint_CeilingLight.uasset" 677
"../../../../../Documents/Unreal Projects/TPS/Content/StarterContent/Audio/Starter_Music_Cue.uasset" 678
"../../../../../Documents/Unreal Projects/TPS/Content/StarterContent/Audio/Collapse_Cue.uasset" 679
"../../../../../Documents/Unreal Projects/TPS/Content/StarterContent/Architecture/Wall_Window_400x300.uasset" 680
"../../../../../Documents/Unreal Projects/TPS/Content/StarterContent/Architecture/Wall_Door_400x300.uasset" 681
"../../../../../Documents/Unreal Projects/TPS/Content/StarterContent/Maps/StarterMap.umap" 682
"../../../../../Documents/Unreal Projects/TPS/Content/ThirdPersonBP/Maps/ThirdPersonExampleMap_BuiltData.uasset" 683
"../../../../../Documents/Unreal Projects/TPS/Content/StarterContent/Props/Materials/M_MaterialSphere_Plain.uasset" 684
"../../../../../Documents/Unreal Projects/TPS/Content/StarterContent/Props/Materials/M_MaterialSphere.uasset" 685
"../../../../../Documents/Unreal Projects/TPS/Content/StarterContent/Props/SM_MatPreviewMesh_02.uasset" 686
"../../../../../Documents/Unreal Projects/TPS/Content/ThirdPersonBP/Blueprints/Target.uasset" 687
"../../../../../Documents/Unreal Projects/TPS/Content/ThirdPerson/Meshes/RampMaterial.uasset" 688
"../../../../../Documents/Unreal Projects/TPS/Content/ThirdPerson/Meshes/RightArm_StaticMesh.uasset" 689
"../../../../../Documents/Unreal Projects/TPS/Content/ThirdPerson/Meshes/Ramp_StaticMesh.uasset" 690
"../../../../../Documents/Unreal Projects/TPS/Content/ThirdPerson/Meshes/Linear_Stair_StaticMesh.uasset" 691
"../../../../../Documents/Unreal Projects/TPS/Content/ThirdPerson/Meshes/LeftArm_StaticMesh.uasset" 692
"../../../../../Documents/Unreal Projects/TPS/Content/ThirdPerson/Meshes/Bump_StaticMesh.uasset" 693
"../../../../../Documents/Unreal Projects/TPS/Content/Geometry/Meshes/CubeMaterial.uasset" 694
"../../../../../Documents/Unreal Projects/TPS/Content/Geometry/Meshes/TemplateFloor.uasset" 695
"../../../../../Documents/Unreal Projects/TPS/Content/Geometry/Meshes/1M_Cube_Chamfer.uasset" 696
"../../../../../Documents/Unreal Projects/TPS/Content/Geometry/Meshes/1M_Cube.uasset" 697
"../../../../../Documents/Unreal Projects/TPS/Content/ThirdPersonBP/Maps/ThirdPersonExampleMap.umap" 698
"../../../Engine/Content/Maps/Entry_BuiltData.uasset" 699
"../../../Engine/Content/Maps/Entry.umap" 700
